<?xml version="1.0" encoding="UTF-8"?>
<testng-results ignored="0" total="1" passed="1" failed="0" skipped="0">
  <reporter-output>
  </reporter-output>
  <suite started-at="2024-01-04T09:01:35Z" name="Suite" finished-at="2024-01-04T09:01:35Z" duration-ms="27">
    <groups>
    </groups>
    <test started-at="2024-01-04T09:01:35Z" name="Test" finished-at="2024-01-04T09:01:35Z" duration-ms="27">
      <class name="demo_mavan_package.demo_class">
        <test-method signature="test1()[pri:0, instance:demo_mavan_package.demo_class@38c5cc4c]" started-at="2024-01-04T09:01:35Z" name="test1" finished-at="2024-01-04T09:01:35Z" duration-ms="9" status="PASS">
          <reporter-output>
          </reporter-output>
        </test-method> <!-- test1 -->
      </class> <!-- demo_mavan_package.demo_class -->
    </test> <!-- Test -->
  </suite> <!-- Suite -->
</testng-results>
